<?xml version="1.0" encoding="UTF-8"?>
<!-- Generated by org.testng.reporters.JUnitXMLReporter -->
<testsuite hostname="Santoshi" ignored="0" name="InetBanking" tests="5" failures="3" timestamp="2022-06-05T19:31:34 IST" time="44.274" errors="0">
  <testcase name="LoginPageDDT" time="13.197" classname="com.inetBanking.testCases.LoginPageDDTest"/>
  <testcase name="LoginPageDDT" time="3.438" classname="com.inetBanking.testCases.LoginPageDDTest">
    <failure type="java.lang.AssertionError" message="expected [true] but found [false]">
      <![CDATA[java.lang.AssertionError: expected [true] but found [false]
at com.inetBanking.testCases.LoginPageDDTest.LoginPageDDT(LoginPageDDTest.java:25)
at java.util.ArrayList.forEach(ArrayList.java:1257)
... Removed 31 stack frames]]>
    </failure>
  </testcase> <!-- LoginPageDDT -->
  <testcase name="LoginPageDDT" time="3.478" classname="com.inetBanking.testCases.LoginPageDDTest">
    <failure type="java.lang.AssertionError" message="expected [true] but found [false]">
      <![CDATA[java.lang.AssertionError: expected [true] but found [false]
at com.inetBanking.testCases.LoginPageDDTest.LoginPageDDT(LoginPageDDTest.java:25)
at java.util.ArrayList.forEach(ArrayList.java:1257)
... Removed 31 stack frames]]>
    </failure>
  </testcase> <!-- LoginPageDDT -->
  <testcase name="LoginPageDDT" time="3.042" classname="com.inetBanking.testCases.LoginPageDDTest">
    <failure type="java.lang.AssertionError" message="expected [true] but found [false]">
      <![CDATA[java.lang.AssertionError: expected [true] but found [false]
at com.inetBanking.testCases.LoginPageDDTest.LoginPageDDT(LoginPageDDTest.java:25)
at java.util.ArrayList.forEach(ArrayList.java:1257)
... Removed 31 stack frames]]>
    </failure>
  </testcase> <!-- LoginPageDDT -->
  <testcase name="LoginPageDDT" time="10.382" classname="com.inetBanking.testCases.LoginPageDDTest"/>
</testsuite> <!-- InetBanking -->
